<?xml version="1.0" encoding="UTF-8" ?>
<testsuite tests="6" failures="0" name="com.ydlclass.NettyTest" time="0.096" errors="0" skipped="0">
  <properties>
[...]
</properties>
  <testcase classname="com.ydlclass.NettyTest" name="testCompositeByteBuf" time="0.064"/>
  <testcase classname="com.ydlclass.NettyTest" name="testDeCompress" time="0"/>
  <testcase classname="com.ydlclass.NettyTest" name="testSlice" time="0"/>
  <testcase classname="com.ydlclass.NettyTest" name="testCompress" time="0.001"/>
  <testcase classname="com.ydlclass.NettyTest" name="testMessage" time="0.031"/>
  <testcase classname="com.ydlclass.NettyTest" name="testWrapper" time="0"/>
</testsuite>